###############################################################################
#
# IAR ANSI C/C++ Compiler V7.20.5.7591/W32 for ARM        13/Mar/2025  15:31:38
# Copyright 1999-2014 IAR Systems AB.
#
#    Cpu mode     =  thumb
#    Endian       =  little
#    Source file  =  XCategory\Common\SRSignature\SRSignature.c
#    Command line =  
#        -I./ -I../cx/ -I../cx/inc/ -ICategory/ -ICategory/Application/
#        -ICategory/Application/ApplicationWasherMcu/
#        -ICategory/Application/ApplicationWasherMcu/AnalysisAverage/
#        -ICategory/Application/ApplicationWasherMcu/Arbitration/
#        -ICategory/Application/ApplicationWasherMcu/Motion/
#        -ICategory/Application/ApplicationWasherMcu/Motion/Motion/
#        -ICategory/Application/ApplicationWasherMcu/Motion/MotionError/
#        -ICategory/Application/ApplicationWasherMcu/Motion/Pulse/
#        -ICategory/Application/ApplicationWasherMcu/Motion/RotateXDeg/
#        -ICategory/Application/ApplicationWasherMcu/Motion/SpinDrum/
#        -ICategory/Application/ApplicationWasherMcu/Motion/StopDrum/
#        -ICategory/Application/ApplicationWasherMcu/Motion/Wash/
#        -ICategory/Application/ApplicationWasherMcu/MotorActivity/
#        -ICategory/Application/ApplicationWasherMcu/SpeedMaintain/
#        -ICategory/Application/BandLimiter/ -ICategory/Application/Beagle/
#        -ICategory/Application/CommandManager/
#        -ICategory/Application/DigitalFilter/
#        -ICategory/Application/Extraction/
#        -ICategory/Application/Extraction/CodeGeneration/
#        -ICategory/Application/Extraction/CodeGeneration/SharedUtils/
#        -ICategory/Application/Extraction/Dependencies/
#        -ICategory/Application/FaultManager/
#        -ICategory/Application/MciSensorsWm/ -ICategory/Application/MciSetWm/
#        -ICategory/Application/MciSetWmFloat/ -ICategory/Application/ParamEst/
#        -ICategory/Application/ParamEstExc/ -ICategory/Application/Params/
#        -ICategory/Application/ProtocolInfo/
#        -ICategory/Application/ProtocolMainExternal/
#        -ICategory/Application/SRMotorSafetyInfoParamsMgr_Core/
#        -ICategory/Application/ThermalModel/
#        -ICategory/Application/ThermalModel/ThermalModelCore/
#        -ICategory/Common/ -ICategory/Common/BoardDebugging/
#        -ICategory/Common/MasterCommander/
#        -ICategory/Common/MasterCommander/Source/
#        -ICategory/Common/MasterCommander/Source/HAL/ -ICategory/Hbl/
#        -IProjectSpecific/ -IProjectSpecific/Application/
#        -IProjectSpecific/Application/API007App/
#        -IProjectSpecific/Application/Api221_Filter_Mci_Err/
#        -IProjectSpecific/Application/ModeManagement/
#        -IProjectSpecific/Application/ProductInfo/
#        -IProjectSpecific/Application/RemoteFunctions/
#        -IProjectSpecific/Application/SRMcuSpeedMonitor/
#        -IProjectSpecific/Application/ThermalModel/
#        -IProjectSpecific/CommonCore/ -IProjectSpecific/Driver/
#        -IProjectSpecific/Indesit/ -IProjectSpecific/MasterCommander/
#        -IProjectSpecific/Mci/ -IProjectSpecific/Mci/Mcl/
#        -IProjectSpecific/Mci/Mcl/old_xls/ -IXCategory/
#        -IXCategory/Application/ -IXCategory/Application/MciParametersLoader/
#        -IXCategory/Application/Mode/ -IXCategory/Application/Reveal_APIs/
#        -IXCategory/Application/Reveal_APIs/API003Disc/
#        -IXCategory/Application/Reveal_APIs/API005LowLevel/
#        -IXCategory/Application/Reveal_APIs/API007Data/
#        -IXCategory/Application/Reveal_APIs/API009System/
#        -IXCategory/Application/Reveal_APIs/API010PollVar/
#        -IXCategory/Application/Reveal_APIs/API011AppCtr/
#        -IXCategory/Application/Reveal_APIs/API013RemoteFunction/
#        -IXCategory/Application/Reveal_APIs/API018Diagnostic/
#        -IXCategory/Application/Reveal_APIs/API019ProductInfo/
#        -IXCategory/Application/Reveal_APIs/API220MotorControl/
#        -IXCategory/Application/Reveal_APIs/API220MotorControl/API/
#        -IXCategory/Application/Reveal_APIs/API221MotionCtrl/
#        -IXCategory/Application/Reveal_APIs/SRAPI020Safety/
#        -IXCategory/Application/SFUpdater/ -IXCategory/Common/
#        -IXCategory/Common/Crc16/ -IXCategory/Common/Crc8/
#        -IXCategory/Common/Log/ -IXCategory/Common/SettingFile/
#        -IXCategory/Common/SRClockMonitor/ -IXCategory/Common/SRData/
#        -IXCategory/Common/SRException/ -IXCategory/Common/SRFlow/
#        -IXCategory/Common/SRIsrMonitor/ -IXCategory/Common/SRMain/
#        -IXCategory/Common/SRMcuSpeedMonitor/ -IXCategory/Common/SRPowerMgr/
#        -IXCategory/Common/SRSignature/ -IXCategory/Common/SRSystemConfig/
#        -IXCategory/Common/SRTimerReference/ -IXCategory/Common/SystemConfig/
#        -IXCategory/Common/SystemTimers/ -IXCategory/Common/Utilities/
#        -IXCategory/Driver/ -IXCategory/Driver/API/
#        -IXCategory/Driver/API/Comparator/ -IXCategory/Driver/API/DataFlash/
#        -IXCategory/Driver/API/Dma/ -IXCategory/Driver/API/Flash/
#        -IXCategory/Driver/API/Gpio/ -IXCategory/Driver/API/Micro/
#        -IXCategory/Driver/API/Spi/ -IXCategory/Driver/API/SRMCAtod/
#        -IXCategory/Driver/API/SRMCPwm/ -IXCategory/Driver/API/TimerInterrupt/
#        -IXCategory/Driver/API/Uart/ -IXCategory/Driver/Comparator/
#        -IXCategory/Driver/DataFlash/ -IXCategory/Driver/Dma/
#        -IXCategory/Driver/Flash/ -IXCategory/Driver/Gpio/
#        -IXCategory/Driver/Micro/ -IXCategory/Driver/Spi/
#        -IXCategory/Driver/SRMCAtod/ -IXCategory/Driver/SRMCPwm/
#        -IXCategory/Driver/TimerInterrupt/ -IXCategory/Driver/Uart/
#        -IXCategory/Hbl/ -IXCategory/Hbl/Mci/
#        -IXCategory/Hbl/Mci/InverterTemp/ -IXCategory/Hbl/Mci/Mcl/
#        -IXCategory/Hbl/Mci/Mcl/Braking/ -IXCategory/Hbl/Mci/Mcl/MacroBlocks/
#        -IXCategory/Hbl/Mci/Mcl/MclFvt/ -IXCategory/Hbl/Mci/Mcl/MicroBlocks/
#        -IXCategory/Hbl/Mci/Mcl/MicroBlocks/ClrkPark/
#        -IXCategory/Hbl/Mci/Mcl/MicroBlocks/Filters/
#        -IXCategory/Hbl/Mci/Mcl/MicroBlocks/Math/
#        -IXCategory/Hbl/Mci/Mcl/MicroBlocks/Pi/
#        -IXCategory/Hbl/Mci/Mcl/MicroBlocks/PwmModulation/
#        -IXCategory/Hbl/Mci/Mcl/ResistanceEstimation/
#        -IXCategory/Hbl/Mci/PowerModuleManager/
#        -IXCategory/Hbl/Mci/SpeedRefGen/ -IXCategory/Hbl/Mci/SurgeRelay/
#        -IXCategory/Hbl/SRMotorSafetyMgr/
#        -IXCategory/Hbl/SRMotorSafetyMgr/API/ -IXCategory/Service/
#        -IXCategory/Service/Reveal/ -IXCategory/Service/Win/ --remarks
#        --no_tbaa --debug --use_c++_inline --only_stdout --dlib_config
#        ..\cx\inc\DLib_Config_Normal.h -r -D
#        ENABLE_JUMP_TO_APPLICATION_WITHOUT_IAP_FIRMWARE -D ARM_MATH_CM4 -e
#        --silent --endian=little --cpu Cortex-M4 --fpu=VFPv4_sp -Ohs -o
#        SRSignature.obj -l ..\listings\SRSignature.lst
#        XCategory\Common\SRSignature\SRSignature.c
#    List file    =  ..\listings\SRSignature.lst
#    Object file  =  SRSignature.obj
#
###############################################################################

C:\Data\Repository\WindyStrip_DTC_Orca\source\XCategory\Common\SRSignature\SRSignature.c
      1          /**
      2           *  @file
      3           *  @defgroup   CLASS_B
      4           *  @brief      This module is responsible to expose the Class B Signature.
      5           *
      6           *
      7           *  @copyright  Copyright 2016. Whirlpool Corporation. All rights reserved - CONFIDENTIAL
      8           */
      9          //---------------------------------------------------------------------------------------------------------------------
     10          //---------------------------------------------------------------------------------------------------------------------
     11          
     12          
     13          //-------------------------------------- Include Files ----------------------------------------------------------------
     14          #include "C_Extensions.h"
     15          #include "SRSignature.h"
     16          
     17          #include "ClassB_Signature.h"
     18          //-------------------------------------- PUBLIC (Variables) -----------------------------------------------------------
     19          
     20          //-------------------------------------- PRIVATE (Variables, Constants & Defines) -------------------------------------

   \                                 In section .text, align 4, keep-with-next
     21          static const uint8 CLASS_B_SIGNATURE[]          = CLASSB_SIGNATURE;
                                                                                   ^
Remark[Pe381]: extra ";" ignored
   \                     CLASS_B_SIGNATURE:
   \   00000000   0x02 0x17          DC8 2, 23, 86, 183, 116, 107, 22, 159, 134, 253, 11, 195, 148, 150, 236
   \              0x56 0xB7    
   \              0x74 0x6B    
   \              0x16 0x9F    
   \              0x86 0xFD    
   \              0x0B 0xC3    
   \              0x94 0x96    
   \              0xEC         
   \   0000000F   0x7B 0x6E          DC8 123, 110, 108, 21, 89, 44, 111, 92, 101, 142, 98, 44, 48, 42, 68
   \              0x6C 0x15    
   \              0x59 0x2C    
   \              0x6F 0x5C    
   \              0x65 0x8E    
   \              0x62 0x2C    
   \              0x30 0x2A    
   \              0x44         
   \   0000001E   0xFC 0x9D          DC8 252, 157
     22          //-------------------------------------- PRIVATE (Function Prototypes) ------------------------------------------------
     23          
     24          
     25          //=====================================================================================================================
     26          //-------------------------------------- Public Functions -------------------------------------------------------------
     27          //=====================================================================================================================
     28          
     29          //---------------------------------------------------------------------------------------------------------------------
     30          /**
     31           * @brief This process returns the string of values for the Class B Signature;
     32           * @return
     33           */

   \                                 In section .text, align 2, keep-with-next
     34          uint8 * SRSignature__GetClassBSignature(void)
     35          {
     36              return ((uint8*)CLASS_B_SIGNATURE);             //lint !e926 Suppress Info: cast from pointer to pointer [MISRA 2004 Rule 11.4]
   \                     SRSignature__GetClassBSignature: (+1)
   \   00000000   0x.... 0x....      ADR.W    R0,CLASS_B_SIGNATURE
   \   00000004   0x4770             BX       LR               ;; return
     37          }
     38          
     39          /**
     40           * @brief This process returns size of the Class B String signature.
     41           * @return
     42           */

   \                                 In section .text, align 2, keep-with-next
     43          uint8 SRSignature__GetClassBSignatureSize(void)
     44          {
     45              return (sizeof(CLASS_B_SIGNATURE));
   \                     SRSignature__GetClassBSignatureSize: (+1)
   \   00000000   0x2020             MOVS     R0,#+32
   \   00000002   0x4770             BX       LR               ;; return
     46          }
     47          
     48          
     49          //=====================================================================================================================
     50          //-------------------------------------- Private Functions ------------------------------------------------------------
     51          //=====================================================================================================================
     52          
     53          

   Maximum stack usage in bytes:

   .cstack Function
   ------- --------
       0   SRSignature__GetClassBSignature
       0   SRSignature__GetClassBSignatureSize


   Section sizes:

   Bytes  Function/Label
   -----  --------------
      32  CLASS_B_SIGNATURE
       6  SRSignature__GetClassBSignature
       4  SRSignature__GetClassBSignatureSize

 
 42 bytes in section .text
 
 42 bytes of CODE memory

Errors: none
Warnings: none
