###############################################################################
#
# IAR ANSI C/C++ Compiler V7.20.5.7591/W32 for ARM        19/Nov/2024  13:15:30
# Copyright 1999-2014 IAR Systems AB.
#
#    Cpu mode     =  thumb
#    Endian       =  little
#    Source file  =  
#        Category\Application\ThermalModel\ThermalModelCore\ThermalModelCore_data.c
#    Command line =  
#        -I./ -I../cx/ -I../cx/inc/ -ICategory/ -ICategory/Application/
#        -ICategory/Application/ApplicationWasherMcu/
#        -ICategory/Application/ApplicationWasherMcu/AnalysisAverage/
#        -ICategory/Application/ApplicationWasherMcu/Arbitration/
#        -ICategory/Application/ApplicationWasherMcu/Motion/
#        -ICategory/Application/ApplicationWasherMcu/Motion/Motion/
#        -ICategory/Application/ApplicationWasherMcu/Motion/MotionError/
#        -ICategory/Application/ApplicationWasherMcu/Motion/Pulse/
#        -ICategory/Application/ApplicationWasherMcu/Motion/RotateXDeg/
#        -ICategory/Application/ApplicationWasherMcu/Motion/SpinDrum/
#        -ICategory/Application/ApplicationWasherMcu/Motion/StopDrum/
#        -ICategory/Application/ApplicationWasherMcu/Motion/Wash/
#        -ICategory/Application/ApplicationWasherMcu/MotorActivity/
#        -ICategory/Application/ApplicationWasherMcu/SpeedMaintain/
#        -ICategory/Application/BandLimiter/ -ICategory/Application/Beagle/
#        -ICategory/Application/CommandManager/
#        -ICategory/Application/DigitalFilter/
#        -ICategory/Application/Extraction/
#        -ICategory/Application/Extraction/CodeGeneration/
#        -ICategory/Application/Extraction/CodeGeneration/SharedUtils/
#        -ICategory/Application/Extraction/Dependencies/
#        -ICategory/Application/FaultManager/
#        -ICategory/Application/MciSensorsWm/ -ICategory/Application/MciSetWm/
#        -ICategory/Application/MciSetWmFloat/ -ICategory/Application/ParamEst/
#        -ICategory/Application/ParamEstExc/ -ICategory/Application/Params/
#        -ICategory/Application/ProtocolInfo/
#        -ICategory/Application/ProtocolMainExternal/
#        -ICategory/Application/SRMotorSafetyInfoParamsMgr_Core/
#        -ICategory/Application/ThermalModel/
#        -ICategory/Application/ThermalModel/ThermalModelCore/
#        -ICategory/Common/ -ICategory/Common/BoardDebugging/
#        -ICategory/Common/MasterCommander/
#        -ICategory/Common/MasterCommander/Source/
#        -ICategory/Common/MasterCommander/Source/HAL/ -ICategory/Hbl/
#        -IProjectSpecific/ -IProjectSpecific/Application/
#        -IProjectSpecific/Application/API007App/
#        -IProjectSpecific/Application/Api221_Filter_Mci_Err/
#        -IProjectSpecific/Application/ModeManagement/
#        -IProjectSpecific/Application/ProductInfo/
#        -IProjectSpecific/Application/RemoteFunctions/
#        -IProjectSpecific/Application/SRMcuSpeedMonitor/
#        -IProjectSpecific/Application/ThermalModel/
#        -IProjectSpecific/CommonCore/ -IProjectSpecific/Driver/
#        -IProjectSpecific/Indesit/ -IProjectSpecific/MasterCommander/
#        -IProjectSpecific/Mci/ -IProjectSpecific/Mci/Mcl/
#        -IProjectSpecific/Mci/Mcl/old_xls/ -IXCategory/
#        -IXCategory/Application/ -IXCategory/Application/MciParametersLoader/
#        -IXCategory/Application/Mode/ -IXCategory/Application/Reveal_APIs/
#        -IXCategory/Application/Reveal_APIs/API003Disc/
#        -IXCategory/Application/Reveal_APIs/API005LowLevel/
#        -IXCategory/Application/Reveal_APIs/API007Data/
#        -IXCategory/Application/Reveal_APIs/API009System/
#        -IXCategory/Application/Reveal_APIs/API010PollVar/
#        -IXCategory/Application/Reveal_APIs/API011AppCtr/
#        -IXCategory/Application/Reveal_APIs/API013RemoteFunction/
#        -IXCategory/Application/Reveal_APIs/API018Diagnostic/
#        -IXCategory/Application/Reveal_APIs/API019ProductInfo/
#        -IXCategory/Application/Reveal_APIs/API220MotorControl/
#        -IXCategory/Application/Reveal_APIs/API220MotorControl/API/
#        -IXCategory/Application/Reveal_APIs/API221MotionCtrl/
#        -IXCategory/Application/Reveal_APIs/SRAPI020Safety/
#        -IXCategory/Application/SFUpdater/ -IXCategory/Common/
#        -IXCategory/Common/Crc16/ -IXCategory/Common/Crc8/
#        -IXCategory/Common/Log/ -IXCategory/Common/SettingFile/
#        -IXCategory/Common/SRClockMonitor/ -IXCategory/Common/SRData/
#        -IXCategory/Common/SRException/ -IXCategory/Common/SRFlow/
#        -IXCategory/Common/SRIsrMonitor/ -IXCategory/Common/SRMain/
#        -IXCategory/Common/SRMcuSpeedMonitor/ -IXCategory/Common/SRPowerMgr/
#        -IXCategory/Common/SRSignature/ -IXCategory/Common/SRSystemConfig/
#        -IXCategory/Common/SRTimerReference/ -IXCategory/Common/SystemConfig/
#        -IXCategory/Common/SystemTimers/ -IXCategory/Common/Utilities/
#        -IXCategory/Driver/ -IXCategory/Driver/API/
#        -IXCategory/Driver/API/Comparator/ -IXCategory/Driver/API/DataFlash/
#        -IXCategory/Driver/API/Dma/ -IXCategory/Driver/API/Flash/
#        -IXCategory/Driver/API/Gpio/ -IXCategory/Driver/API/Micro/
#        -IXCategory/Driver/API/Spi/ -IXCategory/Driver/API/SRMCAtod/
#        -IXCategory/Driver/API/SRMCPwm/ -IXCategory/Driver/API/TimerInterrupt/
#        -IXCategory/Driver/API/Uart/ -IXCategory/Driver/Comparator/
#        -IXCategory/Driver/DataFlash/ -IXCategory/Driver/Dma/
#        -IXCategory/Driver/Flash/ -IXCategory/Driver/Gpio/
#        -IXCategory/Driver/Micro/ -IXCategory/Driver/Spi/
#        -IXCategory/Driver/SRMCAtod/ -IXCategory/Driver/SRMCPwm/
#        -IXCategory/Driver/TimerInterrupt/ -IXCategory/Driver/Uart/
#        -IXCategory/Hbl/ -IXCategory/Hbl/Mci/
#        -IXCategory/Hbl/Mci/InverterTemp/ -IXCategory/Hbl/Mci/Mcl/
#        -IXCategory/Hbl/Mci/Mcl/Braking/ -IXCategory/Hbl/Mci/Mcl/MacroBlocks/
#        -IXCategory/Hbl/Mci/Mcl/MclFvt/ -IXCategory/Hbl/Mci/Mcl/MicroBlocks/
#        -IXCategory/Hbl/Mci/Mcl/MicroBlocks/ClrkPark/
#        -IXCategory/Hbl/Mci/Mcl/MicroBlocks/Filters/
#        -IXCategory/Hbl/Mci/Mcl/MicroBlocks/Math/
#        -IXCategory/Hbl/Mci/Mcl/MicroBlocks/Pi/
#        -IXCategory/Hbl/Mci/Mcl/MicroBlocks/PwmModulation/
#        -IXCategory/Hbl/Mci/Mcl/ResistanceEstimation/
#        -IXCategory/Hbl/Mci/PowerModuleManager/
#        -IXCategory/Hbl/Mci/SpeedRefGen/ -IXCategory/Hbl/Mci/SurgeRelay/
#        -IXCategory/Hbl/SRMotorSafetyMgr/
#        -IXCategory/Hbl/SRMotorSafetyMgr/API/ -IXCategory/Service/
#        -IXCategory/Service/Reveal/ -IXCategory/Service/Win/ --remarks
#        --no_tbaa --debug --use_c++_inline --only_stdout --dlib_config
#        ..\cx\inc\DLib_Config_Normal.h -r -D
#        ENABLE_JUMP_TO_APPLICATION_WITHOUT_IAP_FIRMWARE -D ARM_MATH_CM4 -e
#        --silent --endian=little --cpu Cortex-M4 --fpu=VFPv4_sp -Ohs -o
#        ThermalModelCore_data.obj -l ..\listings\ThermalModelCore_data.lst
#        Category\Application\ThermalModel\ThermalModelCore\ThermalModelCore_data.c
#    List file    =  ..\listings\ThermalModelCore_data.lst
#    Object file  =  ThermalModelCore_data.obj
#
###############################################################################

C:\Data\Python\Windy_sBpm_Floating\source\Category\Application\ThermalModel\ThermalModelCore\ThermalModelCore_data.c
      1          /*
      2           * File: ThermalModelCore_data.c
      3           *
      4           * Code generated for Simulink model 'ThermalModelCore'.
      5           *
      6           * Model version                  : 1.12
      7           * Simulink Coder version         : 8.11 (R2016b) 25-Aug-2016
      8           * C/C++ source code generated on : Thu Nov 30 10:43:35 2017
      9           *
     10           * Target selection: ert.tlc
     11           * Embedded hardware selection: Intel->x86-64 (Windows64)
     12           * Code generation objectives: Unspecified
     13           * Validation result: Not run
     14           */
     15          
     16          #include "ThermalModelCore.h"
     17          #include "ThermalModelCore_private.h"
     18          #include "ThermalModelCore_prm.h"
     19          
     20          
     21          /* Constant parameters (auto storage) */

   \                                 In section .rodata, align 4, keep-with-next
     22          const ConstP_ThermalModelCore_T ThermalModelCore_ConstP = {
   \                     ThermalModelCore_ConstP:
   \   00000000   0x43951333         DC32 43951333H, 43951333H, 43951333H, 43951333H, 43951333H, 43951333H
   \              0x43951333   
   \              0x43951333   
   \              0x43951333   
   \              0x43951333   
   \              0x43951333   
   \   00000018   0x43951333         DC32 43951333H, 3BB0F27CH, 3C564D7FH, 3D5E69ADH, 3C04B5DDH, 3C809D49H
   \              0x3BB0F27C   
   \              0x3C564D7F   
   \              0x3D5E69AD   
   \              0x3C04B5DD   
   \              0x3C809D49   
   \   00000030   0x3F800000         DC32 3F800000H, 42C80000H, 40E00000H, 439D0000H, 43510000H, 44078000H
   \              0x42C80000   
   \              0x40E00000   
   \              0x439D0000   
   \              0x43510000   
   \              0x44078000   
   \   00000048   0x42920000         DC32 42920000H, 41700000H, 41200000H, 40A00000H, 404F5C29H, 3E4CCCCDH
   \              0x41700000   
   \              0x41200000   
   \              0x40A00000   
   \              0x404F5C29   
   \              0x3E4CCCCD   
   \   00000060   0x404F5C29         DC32 404F5C29H, 41B3AE14H, 41BA8F5CH, 40728F5CH, 420C0000H, 3C2A64C3H
   \              0x41B3AE14   
   \              0x41BA8F5C   
   \              0x40728F5C   
   \              0x420C0000   
   \              0x3C2A64C3   
   \   00000078   0xB5D567FC         DC32 0B5D567FCH, 2F073D6CH, 0A7554A5DH, 4B9BA3C0H, 47618100H, 40547AE1H
   \              0x2F073D6C   
   \              0xA7554A5D   
   \              0x4B9BA3C0   
   \              0x47618100   
   \              0x40547AE1   
   \   00000090   0x41C80000         DC32 41C80000H, 3B8576CDH, 3F4CCCCDH, 3F800000H, 3F800000H, 3F800000H
   \              0x3B8576CD   
   \              0x3F4CCCCD   
   \              0x3F800000   
   \              0x3F800000   
   \              0x3F800000   
   \   000000A8   0x3E83126F         DC32 3E83126FH, 409B851FH, 40000000H, 3847A61CH, 2F356B5FH, 40000000H
   \              0x409B851F   
   \              0x40000000   
   \              0x3847A61C   
   \              0x2F356B5F   
   \              0x40000000   
   \   000000C0   0x3B2EFB2B         DC32 3B2EFB2BH, 0B3885D7FH, 40000000H, 385D0A32H, 0B00F7C7CH, 40000000H
   \              0xB3885D7F   
   \              0x40000000   
   \              0x385D0A32   
   \              0xB00F7C7C   
   \              0x40000000   
   \   000000D8   0x3B2EFB2B         DC32 3B2EFB2BH, 0B3885D7FH, 3AC49BA6H, 0H
   \              0xB3885D7F   
   \              0x3AC49BA6   
   \              0x00000000   
     23            /* Computed Parameter: MapleSimICs_Value
     24             * Referenced by: '<S1>/MapleSimICs'
     25             */
     26            { 298.15F, 298.15F, 298.15F, 298.15F, 298.15F, 298.15F, 298.15F },
     27          
     28            /* Computed Parameter: MapleSimParameters_Value
     29             * Referenced by: '<S1>/MapleSimParameters'
     30             */
     31            OTE_Params_SF,
     32          
     33          };
     34          
     35          /*
     36           * File trailer for generated code.
     37           *
     38           * [EOF]
     39           */


   Section sizes:

   Bytes  Function/Label
   -----  --------------
     232  ThermalModelCore_ConstP

 
 232 bytes in section .rodata
 
 232 bytes of CONST memory

Errors: none
Warnings: none
